2026-02-25 22:32:48,500 [INFO] ==================================================
2026-02-25 22:32:48,500 [INFO] Approval Watcher Starting
2026-02-25 22:32:48,500 [INFO] Monitoring: /home/cosmicnoob/AI_Employee_Vault/Pending_Approval
2026-02-25 22:32:48,500 [INFO] Monitoring: /home/cosmicnoob/AI_Employee_Vault/Approved
2026-02-25 22:32:48,500 [INFO] Archive to: /home/cosmicnoob/AI_Employee_Vault/Done
2026-02-25 22:32:48,500 [INFO] Press Ctrl+C to stop
2026-02-25 22:32:48,500 [INFO] ==================================================
2026-02-25 22:32:50,885 [INFO] Approved: 20260225_test_email_send.md | Type: email_send | Ready for execution
2026-02-25 22:32:50,886 [INFO] Archived to Done: 20260225_test_email_send.md
2026-02-25 22:47:16,130 [INFO] ==================================================
2026-02-25 22:47:16,130 [INFO] Approval Watcher Starting
2026-02-25 22:47:16,130 [INFO] Monitoring: /home/cosmicnoob/AI_Employee_Vault/Pending_Approval
2026-02-25 22:47:16,130 [INFO] Monitoring: /home/cosmicnoob/AI_Employee_Vault/Approved
2026-02-25 22:47:16,130 [INFO] Archive to: /home/cosmicnoob/AI_Employee_Vault/Done
2026-02-25 22:47:16,130 [INFO] Press Ctrl+C to stop
2026-02-25 22:47:16,130 [INFO] ==================================================
2026-02-25 22:47:18,599 [INFO] Approved: 20260225_s6_test_approval.md | Type: data_deletion | Ready for execution
2026-02-25 22:47:18,601 [INFO] Archived to Done: 20260225_s6_test_approval.md
2026-02-26 22:39:49,270 [INFO] ==================================================
2026-02-26 22:39:49,270 [INFO] Approval Watcher Starting
2026-02-26 22:39:49,270 [INFO] Monitoring: /home/cosmicnoob/AI_Employee_Vault/Pending_Approval
2026-02-26 22:39:49,270 [INFO] Monitoring: /home/cosmicnoob/AI_Employee_Vault/Approved
2026-02-26 22:39:49,271 [INFO] Archive to: /home/cosmicnoob/AI_Employee_Vault/Done
2026-02-26 22:39:49,271 [INFO] Press Ctrl+C to stop
2026-02-26 22:39:49,271 [INFO] ==================================================
2026-02-26 22:44:45,370 [INFO] ==================================================
2026-02-26 22:44:45,370 [INFO] Approval Watcher Starting
2026-02-26 22:44:45,370 [INFO] Monitoring: /home/cosmicnoob/AI_Employee_Vault/Pending_Approval
2026-02-26 22:44:45,370 [INFO] Monitoring: /home/cosmicnoob/AI_Employee_Vault/Approved
2026-02-26 22:44:45,370 [INFO] Archive to: /home/cosmicnoob/AI_Employee_Vault/Done
2026-02-26 22:44:45,370 [INFO] Press Ctrl+C to stop
2026-02-26 22:44:45,370 [INFO] ==================================================
2026-02-27 15:26:42,451 [INFO] ==================================================
2026-02-27 15:26:42,452 [INFO] Approval Watcher Starting
2026-02-27 15:26:42,452 [INFO] Monitoring: /home/cosmicnoob/AI_Employee_Vault/Pending_Approval
2026-02-27 15:26:42,452 [INFO] Monitoring: /home/cosmicnoob/AI_Employee_Vault/Approved
2026-02-27 15:26:42,452 [INFO] Archive to: /home/cosmicnoob/AI_Employee_Vault/Done
2026-02-27 15:26:42,452 [INFO] Press Ctrl+C to stop
2026-02-27 15:26:42,452 [INFO] ==================================================
2026-04-03 18:43:59,087 [INFO] ==================================================
2026-04-03 18:43:59,088 [INFO] Approval Watcher Starting
2026-04-03 18:43:59,088 [INFO] Monitoring: /home/cosmicnoob/AI_Employee_Vault/Pending_Approval
2026-04-03 18:43:59,088 [INFO] Monitoring: /home/cosmicnoob/AI_Employee_Vault/Approved
2026-04-03 18:43:59,088 [INFO] Archive to: /home/cosmicnoob/AI_Employee_Vault/Done
2026-04-03 18:43:59,088 [INFO] Press Ctrl+C to stop
2026-04-03 18:43:59,088 [INFO] ==================================================
2026-04-03 18:44:29,568 [WARNING] Could not read EMAIL_19d53101_20260403_184421.md.tmp: [Errno 2] No such file or directory: '/home/cosmicnoob/AI_Employee_Vault/Pending_Approval/EMAIL_19d53101_20260403_184421.md.tmp'
2026-04-03 18:44:29,568 [INFO] New approval request: EMAIL_19d53101_20260403_184421.md.tmp | Type: unknown | Priority: normal
