2026-03-03 20:48:31,506 [INFO] ==================================================
2026-03-03 20:48:31,506 [INFO] LinkedIn Poster Starting
2026-03-03 20:48:31,506 [INFO] Watching: /home/cosmicnoob/AI_Employee_Vault/Approved
2026-03-03 20:48:31,506 [INFO] Archive to: /home/cosmicnoob/AI_Employee_Vault/Done
2026-03-03 20:48:31,506 [INFO] Session dir: /home/cosmicnoob/AI_Employee_Vault/.linkedin_session
2026-03-03 20:48:31,506 [INFO] Mode: DRY RUN (no browser)
2026-03-03 20:48:31,506 [INFO] Mode: Single check
2026-03-03 20:48:31,506 [INFO] ==================================================
2026-03-04 17:05:32,797 [INFO] ==================================================
2026-03-04 17:05:32,797 [INFO] LinkedIn Poster Starting
2026-03-04 17:05:32,797 [INFO] Watching: /home/cosmicnoob/AI_Employee_Vault/Approved
2026-03-04 17:05:32,797 [INFO] Archive to: /home/cosmicnoob/AI_Employee_Vault/Done
2026-03-04 17:05:32,797 [INFO] Session dir: /home/cosmicnoob/AI_Employee_Vault/.linkedin_session
2026-03-04 17:05:32,797 [INFO] Mode: DRY RUN (no browser)
2026-03-04 17:05:32,797 [INFO] Mode: Single check
2026-03-04 17:05:32,797 [INFO] ==================================================
2026-03-04 17:06:50,295 [INFO] ==================================================
2026-03-04 17:06:50,295 [INFO] LinkedIn Poster Starting
2026-03-04 17:06:50,295 [INFO] Watching: /home/cosmicnoob/AI_Employee_Vault/Approved
2026-03-04 17:06:50,295 [INFO] Archive to: /home/cosmicnoob/AI_Employee_Vault/Done
2026-03-04 17:06:50,295 [INFO] Session dir: /home/cosmicnoob/AI_Employee_Vault/.linkedin_session
2026-03-04 17:06:50,295 [INFO] Mode: DRY RUN (no browser)
2026-03-04 17:06:50,295 [INFO] Mode: Single check
2026-03-04 17:06:50,295 [INFO] ==================================================
