2026-02-06 19:28:35,256 [INFO] ==================================================
2026-02-06 19:28:35,256 [INFO] Task Planning Orchestrator (DRY-RUN)
2026-02-06 19:28:35,256 [INFO] Scanning: /home/cosmicnoob/AI_Employee_Vault/Needs_Action
2026-02-06 19:28:35,256 [INFO] Output:   /home/cosmicnoob/AI_Employee_Vault/Plans
2026-02-06 19:28:35,257 [INFO] ==================================================
2026-02-06 19:28:35,258 [INFO] Skipping 20260202_220257_test_file.md (status: planned)
2026-02-06 19:28:35,258 [INFO] Skipping 20260204_185223_urgent_email.md (status: planned)
2026-02-06 19:28:35,258 [INFO] [DRY-RUN] Would create: PLAN_EMAIL_194e9c26_20260206_185448.md (15 min, 5 steps)
2026-02-06 19:28:35,259 [INFO] [DRY-RUN] Would create: PLAN_EMAIL_194ec1eb_20260206_185448.md (15 min, 5 steps)
2026-02-06 19:28:35,259 [INFO] [DRY-RUN] Would create: PLAN_EMAIL_195285bf_20260206_185448.md (20 min, 5 steps)
2026-02-06 19:28:35,259 [INFO] [DRY-RUN] Would create: PLAN_EMAIL_1957e94e_20260206_185448.md (20 min, 5 steps)
2026-02-06 19:28:35,259 [INFO] [DRY-RUN] Would create: PLAN_EMAIL_19583954_20260206_185448.md (20 min, 5 steps)
2026-02-06 19:28:35,260 [INFO] [DRY-RUN] Would create: PLAN_EMAIL_19586646_20260206_185448.md (20 min, 5 steps)
2026-02-06 19:28:35,260 [INFO] [DRY-RUN] Would create: PLAN_EMAIL_196f9934_20260206_185448.md (20 min, 5 steps)
2026-02-06 19:28:35,260 [INFO] [DRY-RUN] Would create: PLAN_EMAIL_1983c0c1_20260206_185448.md (20 min, 5 steps)
2026-02-06 19:28:35,260 [INFO] [DRY-RUN] Would create: PLAN_EMAIL_199c7f34_20260206_185448.md (20 min, 5 steps)
2026-02-06 19:28:35,261 [INFO] [DRY-RUN] Would create: PLAN_EMAIL_199c905a_20260206_185448.md (20 min, 5 steps)
2026-02-06 19:28:35,261 [INFO] [DRY-RUN] Would create: PLAN_EMAIL_199ce195_20260206_185448.md (20 min, 5 steps)
2026-02-06 19:28:35,261 [INFO] [DRY-RUN] Would create: PLAN_EMAIL_199e15ed_20260206_185448.md (20 min, 5 steps)
2026-02-06 19:28:35,261 [INFO] [DRY-RUN] Would create: PLAN_EMAIL_199f14e4_20260206_185448.md (20 min, 5 steps)
2026-02-06 19:28:35,262 [INFO] [DRY-RUN] Would create: PLAN_EMAIL_19a6272a_20260206_185448.md (20 min, 5 steps)
2026-02-06 19:28:35,262 [INFO] [DRY-RUN] Would create: PLAN_EMAIL_19a63a25_20260206_185448.md (15 min, 5 steps)
2026-02-06 19:28:35,262 [INFO] [DRY-RUN] Would create: PLAN_EMAIL_19b93119_20260206_185448.md (20 min, 5 steps)
2026-02-06 19:28:35,262 [INFO] [DRY-RUN] Would create: PLAN_EMAIL_19bb6997_20260206_185448.md (20 min, 5 steps)
2026-02-06 19:28:35,262 [INFO] [DRY-RUN] Would create: PLAN_EMAIL_19be1a6e_20260206_185448.md (20 min, 5 steps)
2026-02-06 19:28:35,263 [INFO] [DRY-RUN] Would create: PLAN_EMAIL_19be711e_20260206_185448.md (20 min, 5 steps)
2026-02-06 19:28:35,263 [INFO] [DRY-RUN] Would create: PLAN_EMAIL_19c30829_20260206_185448.md (20 min, 5 steps)
2026-02-06 19:28:35,263 [INFO] ==================================================
2026-02-06 19:28:35,263 [INFO] Complete: 20 plans created, 2 skipped
2026-02-06 19:28:35,263 [INFO] ==================================================
2026-02-06 19:28:41,107 [INFO] ==================================================
2026-02-06 19:28:41,107 [INFO] Task Planning Orchestrator 
2026-02-06 19:28:41,107 [INFO] Scanning: /home/cosmicnoob/AI_Employee_Vault/Needs_Action
2026-02-06 19:28:41,108 [INFO] Output:   /home/cosmicnoob/AI_Employee_Vault/Plans
2026-02-06 19:28:41,108 [INFO] ==================================================
2026-02-06 19:28:41,109 [INFO] Skipping 20260202_220257_test_file.md (status: planned)
2026-02-06 19:28:41,109 [INFO] Skipping 20260204_185223_urgent_email.md (status: planned)
2026-02-06 19:28:41,110 [INFO] Plan created: PLAN_EMAIL_194e9c26_20260206_185448.md (15 min, 5 steps)
2026-02-06 19:28:41,110 [INFO] Updated task status: EMAIL_194e9c26_20260206_185448.md → planned
2026-02-06 19:28:41,110 [INFO] Plan created: PLAN_EMAIL_194ec1eb_20260206_185448.md (15 min, 5 steps)
2026-02-06 19:28:41,110 [INFO] Updated task status: EMAIL_194ec1eb_20260206_185448.md → planned
2026-02-06 19:28:41,111 [INFO] Plan created: PLAN_EMAIL_195285bf_20260206_185448.md (20 min, 5 steps)
2026-02-06 19:28:41,111 [INFO] Updated task status: EMAIL_195285bf_20260206_185448.md → planned
2026-02-06 19:28:41,112 [INFO] Plan created: PLAN_EMAIL_1957e94e_20260206_185448.md (20 min, 5 steps)
2026-02-06 19:28:41,112 [INFO] Updated task status: EMAIL_1957e94e_20260206_185448.md → planned
2026-02-06 19:28:41,112 [INFO] Plan created: PLAN_EMAIL_19583954_20260206_185448.md (20 min, 5 steps)
2026-02-06 19:28:41,112 [INFO] Updated task status: EMAIL_19583954_20260206_185448.md → planned
2026-02-06 19:28:41,113 [INFO] Plan created: PLAN_EMAIL_19586646_20260206_185448.md (20 min, 5 steps)
2026-02-06 19:28:41,113 [INFO] Updated task status: EMAIL_19586646_20260206_185448.md → planned
2026-02-06 19:28:41,113 [INFO] Plan created: PLAN_EMAIL_196f9934_20260206_185448.md (20 min, 5 steps)
2026-02-06 19:28:41,114 [INFO] Updated task status: EMAIL_196f9934_20260206_185448.md → planned
2026-02-06 19:28:41,114 [INFO] Plan created: PLAN_EMAIL_1983c0c1_20260206_185448.md (20 min, 5 steps)
2026-02-06 19:28:41,114 [INFO] Updated task status: EMAIL_1983c0c1_20260206_185448.md → planned
2026-02-06 19:28:41,114 [INFO] Plan created: PLAN_EMAIL_199c7f34_20260206_185448.md (20 min, 5 steps)
2026-02-06 19:28:41,115 [INFO] Updated task status: EMAIL_199c7f34_20260206_185448.md → planned
2026-02-06 19:28:41,115 [INFO] Plan created: PLAN_EMAIL_199c905a_20260206_185448.md (20 min, 5 steps)
2026-02-06 19:28:41,115 [INFO] Updated task status: EMAIL_199c905a_20260206_185448.md → planned
2026-02-06 19:28:41,116 [INFO] Plan created: PLAN_EMAIL_199ce195_20260206_185448.md (20 min, 5 steps)
2026-02-06 19:28:41,116 [INFO] Updated task status: EMAIL_199ce195_20260206_185448.md → planned
2026-02-06 19:28:41,116 [INFO] Plan created: PLAN_EMAIL_199e15ed_20260206_185448.md (20 min, 5 steps)
2026-02-06 19:28:41,116 [INFO] Updated task status: EMAIL_199e15ed_20260206_185448.md → planned
2026-02-06 19:28:41,117 [INFO] Plan created: PLAN_EMAIL_199f14e4_20260206_185448.md (20 min, 5 steps)
2026-02-06 19:28:41,117 [INFO] Updated task status: EMAIL_199f14e4_20260206_185448.md → planned
2026-02-06 19:28:41,117 [INFO] Plan created: PLAN_EMAIL_19a6272a_20260206_185448.md (20 min, 5 steps)
2026-02-06 19:28:41,117 [INFO] Updated task status: EMAIL_19a6272a_20260206_185448.md → planned
2026-02-06 19:28:41,118 [INFO] Plan created: PLAN_EMAIL_19a63a25_20260206_185448.md (15 min, 5 steps)
2026-02-06 19:28:41,118 [INFO] Updated task status: EMAIL_19a63a25_20260206_185448.md → planned
2026-02-06 19:28:41,118 [INFO] Plan created: PLAN_EMAIL_19b93119_20260206_185448.md (20 min, 5 steps)
2026-02-06 19:28:41,119 [INFO] Updated task status: EMAIL_19b93119_20260206_185448.md → planned
2026-02-06 19:28:41,119 [INFO] Plan created: PLAN_EMAIL_19bb6997_20260206_185448.md (20 min, 5 steps)
2026-02-06 19:28:41,119 [INFO] Updated task status: EMAIL_19bb6997_20260206_185448.md → planned
2026-02-06 19:28:41,119 [INFO] Plan created: PLAN_EMAIL_19be1a6e_20260206_185448.md (20 min, 5 steps)
2026-02-06 19:28:41,120 [INFO] Updated task status: EMAIL_19be1a6e_20260206_185448.md → planned
2026-02-06 19:28:41,120 [INFO] Plan created: PLAN_EMAIL_19be711e_20260206_185448.md (20 min, 5 steps)
2026-02-06 19:28:41,120 [INFO] Updated task status: EMAIL_19be711e_20260206_185448.md → planned
2026-02-06 19:28:41,120 [INFO] Plan created: PLAN_EMAIL_19c30829_20260206_185448.md (20 min, 5 steps)
2026-02-06 19:28:41,121 [INFO] Updated task status: EMAIL_19c30829_20260206_185448.md → planned
2026-02-06 19:28:41,124 [INFO] Dashboard updated: 0 pending, 22 planned, 22 active plans
2026-02-06 19:28:41,124 [INFO] ==================================================
2026-02-06 19:28:41,124 [INFO] Complete: 20 plans created, 2 skipped
2026-02-06 19:28:41,124 [INFO] ==================================================
